<?xml version="1.0" encoding="UTF-8"?>
<!-- Generated by org.testng.reporters.JUnitReportReporter -->
<testsuite hostname="IN-3KKJ1J3" failures="0" tests="1" name="com.ams.tests.CharterTest" time="43.997" errors="0" timestamp="2024-03-11T20:40:26 IST" skipped="0">
  <testcase classname="com.ams.tests.CharterTest" name="createNewCharter" time="43.997"/>
</testsuite> <!-- com.ams.tests.CharterTest -->
