<?xml version="1.0" encoding="UTF-8"?>
<!-- Generated by org.testng.reporters.JUnitReportReporter -->
<testsuite hostname="IN-BWFXDK3" failures="0" tests="1" name="com.ams.tests.SearchTest" time="27.882" errors="0" timestamp="2024-07-30T16:43:29 IST" skipped="0">
  <testcase classname="com.ams.tests.SearchTest" name="validateSearchFunctionality" time="27.882"/>
</testsuite> <!-- com.ams.tests.SearchTest -->
