<?xml version="1.0" encoding="UTF-8"?>
<!-- Generated by org.testng.reporters.JUnitReportReporter -->
<testsuite hostname="IN-3KKJ1J3" failures="0" tests="1" name="com.ams.tests.LoginTest" time="50.573" errors="0" timestamp="2024-05-12T10:34:43 IST" skipped="0">
  <testcase classname="com.ams.tests.LoginTest" name="LoginAms" time="50.573"/>
</testsuite> <!-- com.ams.tests.LoginTest -->
