<?xml version="1.0" encoding="UTF-8"?>
<!-- Generated by org.testng.reporters.JUnitReportReporter -->
<testsuite hostname="IN-BWFXDK3" failures="0" tests="2" name="com.ams.tests.NYHomePageTest" time="41.116" errors="0" timestamp="2024-07-30T16:43:29 IST" skipped="0">
  <testcase classname="com.ams.tests.NYHomePageTest" name="validatePageNavigationOnClick" time="26.829"/>
  <testcase classname="com.ams.tests.NYHomePageTest" name="validateDate" time="14.287"/>
</testsuite> <!-- com.ams.tests.NYHomePageTest -->
